生成启动时间为 2017/11/6 星期一 下午 10:09:28。
     1>项目“C:\Users\Administrator\Desktop\101为LUA封装调试函数dbgprint_mine-182\DLLTest\Lua5.15\Lua5.15.vcxproj”在节点 2 上(Build 个目标)。
     1>C:\Program Files (x86)\MSBuild\Microsoft.Cpp\v4.0\V120\Microsoft.CppBuild.targets(364,5): warning MSB8004: Output Directory does not end with a trailing slash.  This build instance will add the slash as it is required to allow proper evaluation of the Output Directory.
     1>Lib:
         D:\Program Files (x86)\Microsoft Visual Studio 12.0\VC\bin\Lib.exe /OUT:"..\lib\Lua5.15.lib" /NOLOGO Debug\lapi.obj
         Debug\lauxlib.obj
         Debug\lbaselib.obj
         Debug\lcode.obj
         Debug\ldblib.obj
         Debug\ldebug.obj
         Debug\ldo.obj
         Debug\ldump.obj
         Debug\lfunc.obj
         Debug\lgc.obj
         Debug\linit.obj
         Debug\liolib.obj
         Debug\llex.obj
         Debug\lmathlib.obj
         Debug\lmem.obj
         Debug\loadlib.obj
         Debug\lobject.obj
         Debug\lopcodes.obj
         Debug\loslib.obj
         Debug\lparser.obj
         Debug\lstate.obj
         Debug\lstring.obj
         Debug\lstrlib.obj
         Debug\ltable.obj
         Debug\ltablib.obj
         Debug\ltm.obj
         Debug\lua.obj
         Debug\lundump.obj
         Debug\lvm.obj
         Debug\lzio.obj
         Debug\print.obj
         Lua5.15.vcxproj -> C:\Users\Administrator\Desktop\101为LUA封装调试函数dbgprint_mine-182\DLLTest\Lua5.15\..\lib\Lua5.15.lib
     1>已完成生成项目“C:\Users\Administrator\Desktop\101为LUA封装调试函数dbgprint_mine-182\DLLTest\Lua5.15\Lua5.15.vcxproj”(Build 个目标)的操作。

生成成功。

已用时间 00:00:00.62
