c:\users\administrator\desktop\lua5.15\lua5.15\lua5.15\debug\vc120.pdb
c:\users\administrator\desktop\lua5.15\lua5.15\lua5.15\debug\vc120.idb
c:\users\administrator\desktop\lua5.15\lua5.15\lua5.15\debug\liolib.obj
c:\users\administrator\desktop\lua5.15\lua5.15\lua5.15\debug\llex.obj
c:\users\administrator\desktop\lua5.15\lua5.15\lua5.15\debug\lmathlib.obj
c:\users\administrator\desktop\lua5.15\lua5.15\lua5.15\debug\lmem.obj
c:\users\administrator\desktop\lua5.15\lua5.15\lua5.15\debug\loadlib.obj
c:\users\administrator\desktop\lua5.15\lua5.15\lua5.15\debug\lobject.obj
c:\users\administrator\desktop\lua5.15\lua5.15\lua5.15\debug\lopcodes.obj
c:\users\administrator\desktop\lua5.15\lua5.15\lua5.15\debug\loslib.obj
c:\users\administrator\desktop\lua5.15\lua5.15\lua5.15\debug\lparser.obj
c:\users\administrator\desktop\lua5.15\lua5.15\lua5.15\debug\lstate.obj
c:\users\administrator\desktop\lua5.15\lua5.15\lua5.15\debug\lstring.obj
c:\users\administrator\desktop\lua5.15\lua5.15\lua5.15\debug\lstrlib.obj
c:\users\administrator\desktop\lua5.15\lua5.15\lua5.15\debug\ltable.obj
c:\users\administrator\desktop\lua5.15\lua5.15\lua5.15\debug\ltablib.obj
c:\users\administrator\desktop\lua5.15\lua5.15\lua5.15\debug\ltm.obj
c:\users\administrator\desktop\lua5.15\lua5.15\lua5.15\debug\lua.obj
c:\users\administrator\desktop\lua5.15\lua5.15\lua5.15\debug\lundump.obj
c:\users\administrator\desktop\lua5.15\lua5.15\lua5.15\debug\lvm.obj
c:\users\administrator\desktop\lua5.15\lua5.15\lua5.15\debug\lzio.obj
c:\users\administrator\desktop\lua5.15\lua5.15\lua5.15\debug\print.obj
c:\users\administrator\desktop\lua5.15\lua5.15\lua5.15\debug\lapi.obj
c:\users\administrator\desktop\lua5.15\lua5.15\lua5.15\debug\lauxlib.obj
c:\users\administrator\desktop\lua5.15\lua5.15\lua5.15\debug\lbaselib.obj
c:\users\administrator\desktop\lua5.15\lua5.15\lua5.15\debug\lcode.obj
c:\users\administrator\desktop\lua5.15\lua5.15\lua5.15\debug\ldblib.obj
c:\users\administrator\desktop\lua5.15\lua5.15\lua5.15\debug\ldebug.obj
c:\users\administrator\desktop\lua5.15\lua5.15\lua5.15\debug\ldo.obj
c:\users\administrator\desktop\lua5.15\lua5.15\lua5.15\debug\ldump.obj
c:\users\administrator\desktop\lua5.15\lua5.15\lua5.15\debug\lfunc.obj
c:\users\administrator\desktop\lua5.15\lua5.15\lua5.15\debug\lgc.obj
c:\users\administrator\desktop\lua5.15\lua5.15\lua5.15\debug\linit.obj
c:\users\administrator\desktop\lua5.15\lua5.15\debug\lua5.15.lib
c:\users\administrator\desktop\lua5.15\lua5.15\debug\lua5.15.ilk
c:\users\administrator\desktop\lua5.15\lua5.15\debug\lua5.15.exe
c:\users\administrator\desktop\lua5.15\lua5.15\debug\lua5.15.pdb
c:\users\administrator\desktop\99更换环境为lua5.1.5版-177\lua5.15\lua5.15\debug\lapi.obj
c:\users\administrator\desktop\99更换环境为lua5.1.5版-177\lua5.15\lua5.15\debug\lauxlib.obj
c:\users\administrator\desktop\99更换环境为lua5.1.5版-177\lua5.15\lua5.15\debug\lbaselib.obj
c:\users\administrator\desktop\99更换环境为lua5.1.5版-177\lua5.15\lua5.15\debug\lcode.obj
c:\users\administrator\desktop\99更换环境为lua5.1.5版-177\lua5.15\lua5.15\debug\ldblib.obj
c:\users\administrator\desktop\99更换环境为lua5.1.5版-177\lua5.15\lua5.15\debug\ldebug.obj
c:\users\administrator\desktop\99更换环境为lua5.1.5版-177\lua5.15\lua5.15\debug\ldo.obj
c:\users\administrator\desktop\99更换环境为lua5.1.5版-177\lua5.15\lua5.15\debug\ldump.obj
c:\users\administrator\desktop\99更换环境为lua5.1.5版-177\lua5.15\lua5.15\debug\lfunc.obj
c:\users\administrator\desktop\99更换环境为lua5.1.5版-177\lua5.15\lua5.15\debug\lgc.obj
c:\users\administrator\desktop\99更换环境为lua5.1.5版-177\lua5.15\lua5.15\debug\linit.obj
c:\users\administrator\desktop\99更换环境为lua5.1.5版-177\lua5.15\lua5.15\debug\liolib.obj
c:\users\administrator\desktop\99更换环境为lua5.1.5版-177\lua5.15\lua5.15\debug\llex.obj
c:\users\administrator\desktop\99更换环境为lua5.1.5版-177\lua5.15\lua5.15\debug\lmathlib.obj
c:\users\administrator\desktop\99更换环境为lua5.1.5版-177\lua5.15\lua5.15\debug\lmem.obj
c:\users\administrator\desktop\99更换环境为lua5.1.5版-177\lua5.15\lua5.15\debug\loadlib.obj
c:\users\administrator\desktop\99更换环境为lua5.1.5版-177\lua5.15\lua5.15\debug\lobject.obj
c:\users\administrator\desktop\99更换环境为lua5.1.5版-177\lua5.15\lua5.15\debug\lopcodes.obj
c:\users\administrator\desktop\99更换环境为lua5.1.5版-177\lua5.15\lua5.15\debug\loslib.obj
c:\users\administrator\desktop\99更换环境为lua5.1.5版-177\lua5.15\lua5.15\debug\lparser.obj
c:\users\administrator\desktop\99更换环境为lua5.1.5版-177\lua5.15\lua5.15\debug\lstate.obj
c:\users\administrator\desktop\99更换环境为lua5.1.5版-177\lua5.15\lua5.15\debug\lstring.obj
c:\users\administrator\desktop\99更换环境为lua5.1.5版-177\lua5.15\lua5.15\debug\lstrlib.obj
c:\users\administrator\desktop\99更换环境为lua5.1.5版-177\lua5.15\lua5.15\debug\ltable.obj
c:\users\administrator\desktop\99更换环境为lua5.1.5版-177\lua5.15\lua5.15\debug\ltablib.obj
c:\users\administrator\desktop\99更换环境为lua5.1.5版-177\lua5.15\lua5.15\debug\ltm.obj
c:\users\administrator\desktop\99更换环境为lua5.1.5版-177\lua5.15\lua5.15\debug\lua.obj
c:\users\administrator\desktop\99更换环境为lua5.1.5版-177\lua5.15\lua5.15\debug\lundump.obj
c:\users\administrator\desktop\99更换环境为lua5.1.5版-177\lua5.15\lua5.15\debug\lvm.obj
c:\users\administrator\desktop\99更换环境为lua5.1.5版-177\lua5.15\lua5.15\debug\lzio.obj
c:\users\administrator\desktop\99更换环境为lua5.1.5版-177\lua5.15\lua5.15\debug\print.obj
c:\users\administrator\desktop\99更换环境为lua5.1.5版-177\lua5.15\lua5.15\debug\vc120.idb
c:\users\administrator\desktop\99更换环境为lua5.1.5版-177\lua5.15\lua5.15\debug\vc120.pdb
c:\users\administrator\desktop\99更换环境为lua5.1.5版-177\lua5.15\debug\lua5.15.pdb
c:\users\administrator\desktop\99更换环境为lua5.1.5版-177\lua5.15\debug\lua5.15.lib
c:\users\administrator\desktop\99更换环境为lua5.1.5版-177\lua5.15\debug\lua5.15.ilk
c:\users\administrator\desktop\99更换环境为lua5.1.5版-177\lua5.15\lua5.15\debug\lua5.15.tlog\cl.command.1.tlog
c:\users\administrator\desktop\99更换环境为lua5.1.5版-177\lua5.15\lua5.15\debug\lua5.15.tlog\cl.read.1.tlog
c:\users\administrator\desktop\99更换环境为lua5.1.5版-177\lua5.15\lua5.15\debug\lua5.15.tlog\cl.write.1.tlog
c:\users\administrator\desktop\99更换环境为lua5.1.5版-177\lua5.15\lua5.15\debug\lua5.15.tlog\lib-link.read.1.tlog
c:\users\administrator\desktop\99更换环境为lua5.1.5版-177\lua5.15\lua5.15\debug\lua5.15.tlog\lib-link.write.1.tlog
c:\users\administrator\desktop\99更换环境为lua5.1.5版-177\lua5.15\lua5.15\debug\lua5.15.tlog\lib.command.1.tlog
c:\users\administrator\desktop\99更换环境为lua5.1.5版-177\lua5.15\lua5.15\debug\lua5.15.tlog\link.command.1.tlog
c:\users\administrator\desktop\99更换环境为lua5.1.5版-177\lua5.15\lua5.15\debug\lua5.15.tlog\link.read.1.tlog
c:\users\administrator\desktop\99更换环境为lua5.1.5版-177\lua5.15\lua5.15\debug\lua5.15.tlog\link.write.1.tlog
