h:\0.1热血江湖外挂相关文件\code代码\72.0-优化游戏资源\dlltest\injectdll\debug\injectdll.pch
h:\0.1热血江湖外挂相关文件\code代码\72.0-优化游戏资源\dlltest\injectdll\debug\stdafx.obj
h:\0.1热血江湖外挂相关文件\code代码\72.0-优化游戏资源\dlltest\injectdll\debug\vc100.pdb
h:\0.1热血江湖外挂相关文件\code代码\72.0-优化游戏资源\dlltest\injectdll\debug\injectdll.obj
h:\0.1热血江湖外挂相关文件\code代码\72.0-优化upc1-126\dlltest\injectdll\debug\injectdll.pch
h:\0.1热血江湖外挂相关文件\code代码\72.0-优化upc1-126\dlltest\injectdll\debug\stdafx.obj
h:\0.1热血江湖外挂相关文件\code代码\72.0-优化upc1-126\dlltest\injectdll\debug\vc100.pdb
h:\0.1热血江湖外挂相关文件\code代码\72.0-优化upc1-126\dlltest\injectdll\debug\injectdll.obj
h:\0.1热血江湖外挂相关文件\code代码\73.0-优化cpu代码设计-128\dlltest\injectdll\debug\injectdll.pch
h:\0.1热血江湖外挂相关文件\code代码\73.0-优化cpu代码设计-128\dlltest\injectdll\debug\stdafx.obj
h:\0.1热血江湖外挂相关文件\code代码\73.0-优化cpu代码设计-128\dlltest\injectdll\debug\vc100.pdb
h:\0.1热血江湖外挂相关文件\code代码\73.0-优化cpu代码设计-128\dlltest\injectdll\debug\injectdll.obj
h:\0.1热血江湖外挂相关文件\code代码\75.0-自动生成黑屏优化基址-136\dlltest\injectdll\debug\injectdll.pch
h:\0.1热血江湖外挂相关文件\code代码\75.0-自动生成黑屏优化基址-136\dlltest\injectdll\debug\stdafx.obj
h:\0.1热血江湖外挂相关文件\code代码\75.0-自动生成黑屏优化基址-136\dlltest\injectdll\debug\vc100.pdb
h:\0.1热血江湖外挂相关文件\code代码\75.0-自动生成黑屏优化基址-136\dlltest\injectdll\debug\injectdll.obj
h:\0.1热血江湖外挂相关文件\code代码\76.0-完成2种方式的游戏黑屏优化与取消优化代码设计-137\dlltest\injectdll\debug\injectdll.pch
h:\0.1热血江湖外挂相关文件\code代码\76.0-完成2种方式的游戏黑屏优化与取消优化代码设计-137\dlltest\injectdll\debug\stdafx.obj
h:\0.1热血江湖外挂相关文件\code代码\76.0-完成2种方式的游戏黑屏优化与取消优化代码设计-137\dlltest\injectdll\debug\vc100.pdb
h:\0.1热血江湖外挂相关文件\code代码\76.0-完成2种方式的游戏黑屏优化与取消优化代码设计-137\dlltest\injectdll\debug\injectdll.obj
h:\0.1热血江湖外挂相关文件\code代码\93.0死亡回城call参数分析(定位动态基址)及函数封装-167\dlltest\injectdll\debug\injectdll.pch
h:\0.1热血江湖外挂相关文件\code代码\93.0死亡回城call参数分析(定位动态基址)及函数封装-167\dlltest\injectdll\debug\stdafx.obj
h:\0.1热血江湖外挂相关文件\code代码\93.0死亡回城call参数分析(定位动态基址)及函数封装-167\dlltest\injectdll\debug\vc100.pdb
h:\0.1热血江湖外挂相关文件\code代码\93.0死亡回城call参数分析(定位动态基址)及函数封装-167\dlltest\injectdll\debug\injectdll.obj
h:\0.1热血江湖外挂相关文件\code代码\72.0-优化游戏资源\dlltest\debug\injectdll.ilk
h:\0.1热血江湖外挂相关文件\code代码\72.0-优化游戏资源\dlltest\debug\injectdll.exe
h:\0.1热血江湖外挂相关文件\code代码\72.0-优化游戏资源\dlltest\injectdll\debug\injectdll.exe.intermediate.manifest
h:\0.1热血江湖外挂相关文件\code代码\72.0-优化游戏资源\dlltest\debug\injectdll.pdb
h:\0.1热血江湖外挂相关文件\code代码\72.0-优化upc1-126\dlltest\debug\injectdll.ilk
h:\0.1热血江湖外挂相关文件\code代码\72.0-优化upc1-126\dlltest\debug\injectdll.exe
h:\0.1热血江湖外挂相关文件\code代码\72.0-优化upc1-126\dlltest\injectdll\debug\injectdll.exe.intermediate.manifest
h:\0.1热血江湖外挂相关文件\code代码\72.0-优化upc1-126\dlltest\debug\injectdll.pdb
h:\0.1热血江湖外挂相关文件\code代码\73.0-优化cpu代码设计-128\dlltest\debug\injectdll.ilk
h:\0.1热血江湖外挂相关文件\code代码\73.0-优化cpu代码设计-128\dlltest\debug\injectdll.exe
h:\0.1热血江湖外挂相关文件\code代码\73.0-优化cpu代码设计-128\dlltest\injectdll\debug\injectdll.exe.intermediate.manifest
h:\0.1热血江湖外挂相关文件\code代码\73.0-优化cpu代码设计-128\dlltest\debug\injectdll.pdb
h:\0.1热血江湖外挂相关文件\code代码\75.0-自动生成黑屏优化基址-136\dlltest\debug\injectdll.ilk
h:\0.1热血江湖外挂相关文件\code代码\75.0-自动生成黑屏优化基址-136\dlltest\debug\injectdll.exe
h:\0.1热血江湖外挂相关文件\code代码\75.0-自动生成黑屏优化基址-136\dlltest\injectdll\debug\injectdll.exe.intermediate.manifest
h:\0.1热血江湖外挂相关文件\code代码\75.0-自动生成黑屏优化基址-136\dlltest\debug\injectdll.pdb
h:\0.1热血江湖外挂相关文件\code代码\76.0-完成2种方式的游戏黑屏优化与取消优化代码设计-137\dlltest\debug\injectdll.ilk
h:\0.1热血江湖外挂相关文件\code代码\76.0-完成2种方式的游戏黑屏优化与取消优化代码设计-137\dlltest\debug\injectdll.exe
h:\0.1热血江湖外挂相关文件\code代码\76.0-完成2种方式的游戏黑屏优化与取消优化代码设计-137\dlltest\injectdll\debug\injectdll.exe.intermediate.manifest
h:\0.1热血江湖外挂相关文件\code代码\76.0-完成2种方式的游戏黑屏优化与取消优化代码设计-137\dlltest\debug\injectdll.pdb
h:\0.1热血江湖外挂相关文件\code代码\93.0死亡回城call参数分析(定位动态基址)及函数封装-167\dlltest\debug\injectdll.ilk
h:\0.1热血江湖外挂相关文件\code代码\93.0死亡回城call参数分析(定位动态基址)及函数封装-167\dlltest\debug\injectdll.exe
h:\0.1热血江湖外挂相关文件\code代码\93.0死亡回城call参数分析(定位动态基址)及函数封装-167\dlltest\injectdll\debug\injectdll.exe.intermediate.manifest
h:\0.1热血江湖外挂相关文件\code代码\93.0死亡回城call参数分析(定位动态基址)及函数封装-167\dlltest\debug\injectdll.pdb
h:\0.1热血江湖外挂相关文件\code代码\72.0-优化游戏资源\dlltest\injectdll\debug\injectdll.exe.embed.manifest
h:\0.1热血江湖外挂相关文件\code代码\72.0-优化游戏资源\dlltest\injectdll\debug\injectdll.exe.embed.manifest.res
h:\0.1热血江湖外挂相关文件\code代码\72.0-优化upc1-126\dlltest\injectdll\debug\injectdll.exe.embed.manifest.res
h:\0.1热血江湖外挂相关文件\code代码\73.0-优化cpu代码设计-128\dlltest\injectdll\debug\injectdll.exe.embed.manifest.res
h:\0.1热血江湖外挂相关文件\code代码\75.0-自动生成黑屏优化基址-136\dlltest\injectdll\debug\injectdll.exe.embed.manifest.res
h:\0.1热血江湖外挂相关文件\code代码\76.0-完成2种方式的游戏黑屏优化与取消优化代码设计-137\dlltest\injectdll\debug\injectdll.exe.embed.manifest.res
h:\0.1热血江湖外挂相关文件\code代码\93.0死亡回城call参数分析(定位动态基址)及函数封装-167\dlltest\injectdll\debug\injectdll.exe.embed.manifest.res
c:\users\administrator\desktop\101为lua封装调试函数dbgprint_mine-182 - 副本\dlltest\injectdll\debug\injectdll.pch
c:\users\administrator\desktop\101为lua封装调试函数dbgprint_mine-182 - 副本\dlltest\injectdll\debug\vc120.pdb
c:\users\administrator\desktop\101为lua封装调试函数dbgprint_mine-182 - 副本\dlltest\injectdll\debug\vc120.idb
c:\users\administrator\desktop\101为lua封装调试函数dbgprint_mine-182 - 副本\dlltest\injectdll\debug\stdafx.obj
c:\users\administrator\desktop\101为lua封装调试函数dbgprint_mine-182 - 副本\dlltest\injectdll\debug\injectdll.obj
c:\users\administrator\desktop\101_lua封装寻路函数findway-183\dlltest\injectdll\debug\injectdll.pch
c:\users\administrator\desktop\101_lua封装寻路函数findway-183\dlltest\injectdll\debug\vc120.pdb
c:\users\administrator\desktop\101_lua封装寻路函数findway-183\dlltest\injectdll\debug\vc120.idb
c:\users\administrator\desktop\101_lua封装寻路函数findway-183\dlltest\injectdll\debug\stdafx.obj
c:\users\administrator\desktop\101_lua封装寻路函数findway-183\dlltest\injectdll\debug\injectdll.obj
c:\users\administrator\desktop\101为lua封装调试函数dbgprint_mine-182 - 副本\dlltest\debug\injectdll.ilk
c:\users\administrator\desktop\101为lua封装调试函数dbgprint_mine-182 - 副本\dlltest\debug\injectdll.exe
c:\users\administrator\desktop\101为lua封装调试函数dbgprint_mine-182 - 副本\dlltest\debug\injectdll.pdb
c:\users\administrator\desktop\101_lua封装寻路函数findway-183\dlltest\debug\injectdll.ilk
c:\users\administrator\desktop\101_lua封装寻路函数findway-183\dlltest\debug\injectdll.exe
c:\users\administrator\desktop\101_lua封装寻路函数findway-183\dlltest\debug\injectdll.pdb
c:\users\administrator\desktop\102_lua封装寻路函数findway-183\dlltest\injectdll\debug\injectdll.vcxprojresolveassemblyreference.cache
c:\users\administrator\desktop\102_lua封装寻路函数findway-183\dlltest\injectdll\debug\injectdll.obj
c:\users\administrator\desktop\102_lua封装寻路函数findway-183\dlltest\injectdll\debug\stdafx.obj
c:\users\administrator\desktop\102_lua封装寻路函数findway-183\dlltest\injectdll\debug\cl.command.1.tlog
c:\users\administrator\desktop\102_lua封装寻路函数findway-183\dlltest\injectdll\debug\cl.read.1.tlog
c:\users\administrator\desktop\102_lua封装寻路函数findway-183\dlltest\injectdll\debug\cl.write.1.tlog
c:\users\administrator\desktop\102_lua封装寻路函数findway-183\dlltest\injectdll\debug\injectdll.write.1.tlog
c:\users\administrator\desktop\102_lua封装寻路函数findway-183\dlltest\injectdll\debug\link-cvtres.read.1.tlog
c:\users\administrator\desktop\102_lua封装寻路函数findway-183\dlltest\injectdll\debug\link-cvtres.write.1.tlog
c:\users\administrator\desktop\102_lua封装寻路函数findway-183\dlltest\injectdll\debug\link.11496-cvtres.read.1.tlog
c:\users\administrator\desktop\102_lua封装寻路函数findway-183\dlltest\injectdll\debug\link.11496-cvtres.write.1.tlog
c:\users\administrator\desktop\102_lua封装寻路函数findway-183\dlltest\injectdll\debug\link.11496.read.1.tlog
c:\users\administrator\desktop\102_lua封装寻路函数findway-183\dlltest\injectdll\debug\link.11496.write.1.tlog
c:\users\administrator\desktop\102_lua封装寻路函数findway-183\dlltest\injectdll\debug\link.command.1.tlog
c:\users\administrator\desktop\102_lua封装寻路函数findway-183\dlltest\injectdll\debug\link.read.1.tlog
c:\users\administrator\desktop\102_lua封装寻路函数findway-183\dlltest\injectdll\debug\link.write.1.tlog
c:\users\administrator\desktop\102_lua封装寻路函数findway-183\dlltest\injectdll\debug\mt.command.1.tlog
c:\users\administrator\desktop\102_lua封装寻路函数findway-183\dlltest\injectdll\debug\mt.read.1.tlog
c:\users\administrator\desktop\102_lua封装寻路函数findway-183\dlltest\injectdll\debug\mt.write.1.tlog
c:\users\administrator\desktop\102_lua封装寻路函数findway-183\dlltest\injectdll\debug\rc.command.1.tlog
c:\users\administrator\desktop\102_lua封装寻路函数findway-183\dlltest\injectdll\debug\rc.read.1.tlog
c:\users\administrator\desktop\102_lua封装寻路函数findway-183\dlltest\injectdll\debug\rc.write.1.tlog
c:\users\administrator\desktop\102_lua封装寻路函数findway-183\dlltest\injectdll\debug\injectdll.exe.embed.manifest
c:\users\administrator\desktop\102_lua封装寻路函数findway-183\dlltest\injectdll\debug\injectdll.exe.intermediate.manifest
c:\users\administrator\desktop\102_lua封装寻路函数findway-183\dlltest\injectdll\debug\injectdll.exe.embed.manifest.res
c:\users\administrator\desktop\102_lua封装寻路函数findway-183\dlltest\injectdll\debug\injectdll.pch
c:\users\administrator\desktop\102_lua封装寻路函数findway-183\dlltest\injectdll\debug\vc100.idb
c:\users\administrator\desktop\102_lua封装寻路函数findway-183\dlltest\injectdll\debug\vc120.idb
c:\users\administrator\desktop\102_lua封装寻路函数findway-183\dlltest\injectdll\debug\vc100.pdb
c:\users\administrator\desktop\102_lua封装寻路函数findway-183\dlltest\injectdll\debug\vc120.pdb
c:\users\administrator\desktop\102_lua封装寻路函数findway-183\dlltest\injectdll\debug\injectdll_manifest.rc
c:\users\administrator\desktop\102_lua封装寻路函数findway-183\dlltest\debug\injectdll.pdb
c:\users\administrator\desktop\102_lua封装寻路函数findway-183\dlltest\debug\injectdll.exe
c:\users\administrator\desktop\102_lua封装寻路函数findway-183\dlltest\debug\injectdll.ilk
c:\users\administrator\desktop\102_lua封装寻路函数findway-183\dlltest\injectdll\debug\injectdll.tlog\cl.command.1.tlog
c:\users\administrator\desktop\102_lua封装寻路函数findway-183\dlltest\injectdll\debug\injectdll.tlog\cl.read.1.tlog
c:\users\administrator\desktop\102_lua封装寻路函数findway-183\dlltest\injectdll\debug\injectdll.tlog\cl.write.1.tlog
c:\users\administrator\desktop\102_lua封装寻路函数findway-183\dlltest\injectdll\debug\injectdll.tlog\link.command.1.tlog
c:\users\administrator\desktop\102_lua封装寻路函数findway-183\dlltest\injectdll\debug\injectdll.tlog\link.read.1.tlog
c:\users\administrator\desktop\102_lua封装寻路函数findway-183\dlltest\injectdll\debug\injectdll.tlog\link.write.1.tlog
